SF:lib/authentication/authentication_screen.dart
DA:24,1
DA:26,1
DA:27,1
DA:37,1
DA:39,2
DA:40,2
DA:41,1
DA:44,1
DA:46,2
DA:47,2
DA:48,1
DA:51,0
DA:52,0
DA:55,0
DA:56,0
DA:59,1
DA:60,3
DA:61,1
DA:62,3
DA:64,3
DA:66,1
DA:67,1
DA:69,2
DA:70,3
DA:79,3
DA:82,2
DA:84,1
DA:86,1
DA:90,2
DA:93,2
DA:94,1
DA:95,1
DA:97,2
DA:101,1
DA:103,1
DA:105,3
DA:111,1
DA:112,2
DA:113,0
DA:116,0
DA:117,0
DA:119,0
DA:120,0
DA:121,0
DA:122,0
DA:125,0
DA:126,0
DA:127,0
DA:132,3
DA:136,1
DA:138,3
DA:139,3
DA:141,1
DA:142,1
DA:144,1
DA:147,1
DA:149,1
DA:150,1
DA:158,1
DA:159,0
DA:160,0
DA:162,2
DA:163,1
DA:167,1
DA:168,1
DA:169,1
DA:170,1
DA:176,1
DA:184,1
DA:185,1
DA:187,1
DA:188,1
DA:189,1
DA:190,1
DA:192,1
DA:194,1
DA:196,1
DA:197,1
DA:198,1
DA:200,1
DA:201,1
DA:202,1
DA:205,1
DA:206,1
DA:209,1
DA:210,1
DA:212,1
DA:213,1
DA:216,1
DA:217,1
DA:218,0
DA:224,1
DA:225,1
DA:228,1
DA:231,1
DA:232,1
DA:235,1
DA:240,1
DA:241,1
DA:244,1
DA:245,1
DA:247,1
DA:249,1
DA:250,1
DA:251,1
DA:252,1
DA:255,1
DA:257,1
DA:261,1
DA:266,1
DA:269,1
DA:270,1
DA:271,2
DA:272,1
DA:273,1
DA:275,2
DA:276,1
DA:279,1
DA:280,1
DA:282,1
DA:288,1
DA:291,1
DA:294,1
DA:295,1
DA:297,1
DA:300,1
DA:301,1
DA:303,1
DA:305,1
DA:308,1
DA:309,1
DA:311,1
DA:313,1
DA:318,1
DA:322,2
DA:323,1
DA:324,1
DA:325,2
DA:326,1
DA:327,1
DA:330,2
DA:331,1
DA:334,1
DA:335,1
DA:338,1
DA:339,1
DA:341,1
DA:345,1
DA:347,1
DA:349,1
DA:352,1
DA:361,1
DA:362,2
DA:363,1
DA:366,1
DA:367,1
DA:368,1
DA:369,2
DA:370,1
DA:372,2
DA:373,1
DA:376,1
DA:377,1
DA:380,1
DA:381,1
DA:382,1
DA:383,1
DA:384,1
DA:386,1
DA:387,1
DA:389,1
DA:391,1
DA:398,1
DA:399,1
DA:401,1
DA:403,1
DA:404,1
DA:406,1
DA:410,1
DA:412,1
DA:413,1
DA:415,1
DA:417,1
DA:437,1
DA:446,1
DA:448,1
DA:449,3
LF:187
LH:170
end_of_record
SF:lib/utils/token_manager.dart
DA:4,1
DA:7,1
DA:11,1
DA:12,2
DA:13,2
DA:16,0
DA:17,0
DA:20,0
DA:21,0
DA:24,0
DA:25,0
DA:26,0
LF:12
LH:5
end_of_record
SF:lib/design/styling/app_text_styles.dart
DA:5,1
DA:6,1
DA:8,1
DA:12,1
DA:13,1
DA:15,1
DA:19,1
DA:20,1
DA:22,1
DA:26,1
DA:27,1
DA:29,1
DA:33,0
DA:34,0
DA:35,0
DA:38,1
DA:39,1
DA:40,1
DA:43,1
DA:44,1
DA:46,1
LF:21
LH:18
end_of_record
SF:lib/design/widgets/user_input/input_text_box.dart
DA:6,1
DA:24,1
DA:26,1
DA:27,1
DA:28,2
DA:29,1
DA:30,1
DA:31,1
DA:32,1
DA:33,1
DA:34,1
DA:37,0
DA:38,1
DA:39,2
DA:40,1
DA:41,1
DA:42,2
DA:45,0
DA:46,0
DA:48,1
DA:50,1
DA:51,3
DA:54,1
DA:55,1
LF:24
LH:21
end_of_record
SF:lib/utils/user_manager.dart
DA:6,0
DA:7,0
DA:10,1
DA:11,1
DA:14,0
DA:15,0
DA:17,0
DA:20,0
DA:21,0
DA:24,0
DA:25,0
DA:28,0
DA:29,0
LF:13
LH:2
end_of_record
SF:lib/design/widgets/user_input/password_text_box.dart
DA:13,1
DA:22,1
DA:23,1
DA:29,1
DA:31,1
DA:32,1
DA:33,1
DA:34,1
DA:35,1
DA:36,2
DA:37,1
DA:38,2
DA:42,1
DA:43,3
DA:44,1
DA:45,1
DA:46,1
DA:47,4
DA:49,1
DA:52,1
DA:53,2
DA:56,0
DA:57,0
DA:58,0
DA:59,0
DA:67,2
LF:26
LH:22
end_of_record
