SF:lib/authentication/authentication_screen.dart
DA:16,1
DA:18,1
DA:19,1
DA:29,1
DA:31,2
DA:32,2
DA:33,1
DA:36,1
DA:38,2
DA:39,2
DA:40,1
DA:43,0
DA:44,0
DA:47,0
DA:48,0
DA:51,1
DA:52,3
DA:53,1
DA:54,3
DA:56,3
DA:58,1
DA:59,1
DA:60,1
DA:62,2
DA:63,3
DA:72,3
DA:75,2
DA:77,1
DA:79,1
DA:83,2
DA:86,2
DA:87,1
DA:88,1
DA:90,2
DA:92,1
DA:94,2
DA:96,1
DA:98,0
DA:99,0
DA:101,0
DA:102,0
DA:104,0
DA:110,0
DA:111,0
DA:112,0
DA:115,0
DA:116,0
DA:118,0
DA:119,0
DA:120,0
DA:121,0
DA:124,0
DA:125,0
DA:126,0
DA:131,0
DA:135,1
DA:137,3
DA:138,3
DA:140,1
DA:141,1
DA:143,1
DA:146,1
DA:148,1
DA:149,1
DA:157,1
DA:158,0
DA:159,0
DA:161,2
DA:162,1
DA:166,1
DA:167,1
DA:168,1
DA:169,1
DA:175,1
DA:183,1
DA:184,1
DA:186,1
DA:187,1
DA:188,1
DA:189,1
DA:191,1
DA:193,1
DA:195,1
DA:196,1
DA:197,1
DA:199,1
DA:200,1
DA:201,1
DA:204,1
DA:205,1
DA:208,1
DA:209,1
DA:211,1
DA:212,1
DA:215,1
DA:216,1
DA:217,0
DA:223,1
DA:224,1
DA:227,1
DA:230,1
DA:231,1
DA:234,1
DA:239,1
DA:240,1
DA:243,1
DA:244,1
DA:246,1
DA:248,1
DA:249,1
DA:250,1
DA:251,1
DA:254,1
DA:256,1
DA:260,1
DA:265,1
DA:268,1
DA:269,1
DA:270,2
DA:271,1
DA:272,1
DA:274,2
DA:275,1
DA:278,1
DA:279,1
DA:281,1
DA:287,1
DA:290,1
DA:293,1
DA:294,1
DA:296,1
DA:299,1
DA:300,1
DA:302,1
DA:304,1
DA:307,1
DA:308,1
DA:310,1
DA:312,1
DA:317,1
DA:321,2
DA:322,1
DA:323,1
DA:324,2
DA:325,1
DA:326,1
DA:329,2
DA:330,1
DA:333,1
DA:334,1
DA:337,1
DA:338,1
DA:340,1
DA:344,1
DA:346,1
DA:348,1
DA:351,1
DA:360,1
DA:361,2
DA:362,1
DA:365,1
DA:366,1
DA:367,1
DA:368,2
DA:369,1
DA:371,2
DA:372,1
DA:375,1
DA:376,1
DA:379,1
DA:380,1
DA:381,1
DA:382,1
DA:383,1
DA:385,1
DA:386,1
DA:388,1
DA:390,1
DA:397,1
DA:398,1
DA:400,1
DA:402,1
DA:403,1
DA:405,1
DA:408,1
DA:410,1
DA:411,1
DA:413,1
DA:415,1
DA:435,1
DA:444,1
DA:446,1
DA:447,3
LF:193
LH:168
end_of_record
SF:lib/utils/token_manager.dart
DA:4,0
DA:7,1
DA:11,0
DA:12,0
DA:13,0
DA:16,0
DA:17,0
DA:20,0
DA:21,0
DA:24,0
DA:25,0
DA:26,0
LF:12
LH:1
end_of_record
SF:lib/design/styling/app_text_styles.dart
DA:5,1
DA:6,1
DA:8,1
DA:12,1
DA:13,1
DA:15,1
DA:19,1
DA:20,1
DA:22,1
DA:26,1
DA:27,1
DA:29,1
DA:33,0
DA:34,0
DA:35,0
DA:38,1
DA:39,1
DA:40,1
DA:45,1
DA:46,1
DA:48,1
LF:21
LH:18
end_of_record
SF:lib/design/widgets/user_input/input_text_box.dart
DA:6,1
DA:24,1
DA:26,1
DA:27,1
DA:28,2
DA:29,1
DA:30,1
DA:31,1
DA:32,1
DA:33,1
DA:34,1
DA:38,0
DA:39,1
DA:40,2
DA:41,1
DA:42,1
DA:43,2
DA:46,0
DA:47,0
DA:49,1
DA:51,1
DA:52,3
DA:56,1
LF:23
LH:20
end_of_record
SF:lib/utils/user_manager.dart
DA:6,1
DA:7,2
DA:10,1
DA:11,1
DA:14,0
DA:15,0
DA:18,0
DA:19,0
DA:21,0
DA:24,0
DA:25,0
DA:28,0
DA:29,0
DA:32,0
DA:33,0
DA:36,0
DA:37,0
DA:40,0
DA:41,0
LF:19
LH:4
end_of_record
SF:lib/design/widgets/user_input/password_text_box.dart
DA:13,1
DA:22,1
DA:23,1
DA:29,1
DA:31,1
DA:32,1
DA:33,1
DA:34,1
DA:35,1
DA:36,2
DA:37,1
DA:38,2
DA:42,1
DA:43,3
DA:44,1
DA:45,1
DA:46,1
DA:48,4
DA:53,1
DA:54,2
DA:57,0
DA:58,0
DA:59,0
DA:60,0
DA:68,2
LF:25
LH:21
end_of_record
